[debug] [2021-09-27T14:41:49.441Z] ----------------------------------------------------------------------
[debug] [2021-09-27T14:41:49.443Z] Command:       C:\Program Files\nodejs\node.exe C:\Users\Ryan\AppData\Roaming\npm\node_modules\firebase-tools\lib\bin\firebase.js init
[debug] [2021-09-27T14:41:49.443Z] CLI Version:   9.17.0
[debug] [2021-09-27T14:41:49.443Z] Platform:      win32
[debug] [2021-09-27T14:41:49.443Z] Node Version:  v14.17.1
[debug] [2021-09-27T14:41:49.444Z] Time:          Mon Sep 27 2021 10:41:49 GMT-0400 (Eastern Daylight Time)
[debug] [2021-09-27T14:41:49.444Z] ----------------------------------------------------------------------
[debug] 
[debug] [2021-09-27T14:41:49.450Z] > command requires scopes: ["email","openid","https://www.googleapis.com/auth/cloudplatformprojects.readonly","https://www.googleapis.com/auth/firebase","https://www.googleapis.com/auth/cloud-platform"]
[debug] [2021-09-27T14:41:49.450Z] > authorizing via signed-in user (ryan@rkara.us)
[info] 
     ######## #### ########  ######## ########     ###     ######  ########
     ##        ##  ##     ## ##       ##     ##  ##   ##  ##       ##
     ######    ##  ########  ######   ########  #########  ######  ######
     ##        ##  ##    ##  ##       ##     ## ##     ##       ## ##
     ##       #### ##     ## ######## ########  ##     ##  ######  ########

You're about to initialize a Firebase project in this directory:

  D:\fiverr\dadyin

[info] 
=== Project Setup
[info] 
[info] First, let's associate this project directory with a Firebase project.
[info] You can create multiple project aliases by running firebase use --add, 
[info] but for now we'll just set up a default project.
[info] 
[debug] [2021-09-27T14:41:55.142Z] > refreshing access token with scopes: []
[debug] [2021-09-27T14:41:55.143Z] >>> HTTP REQUEST POST https://www.googleapis.com/oauth2/v3/token  
 <request body omitted>
[debug] [2021-09-27T14:41:55.335Z] <<< HTTP RESPONSE 200 {"cache-control":"no-cache, no-store, max-age=0, must-revalidate","pragma":"no-cache","expires":"Mon, 01 Jan 1990 00:00:00 GMT","date":"Mon, 27 Sep 2021 14:41:58 GMT","content-type":"application/json; charset=utf-8","vary":"X-Origin, Referer, Origin,Accept-Encoding","server":"scaffolding on HTTPServer2","x-xss-protection":"0","x-frame-options":"SAMEORIGIN","x-content-type-options":"nosniff","alt-svc":"h3=\":443\"; ma=2592000,h3-29=\":443\"; ma=2592000,h3-T051=\":443\"; ma=2592000,h3-Q050=\":443\"; ma=2592000,h3-Q046=\":443\"; ma=2592000,h3-Q043=\":443\"; ma=2592000,quic=\":443\"; ma=2592000; v=\"46,43\"","accept-ranges":"none","transfer-encoding":"chunked"}
[debug] [2021-09-27T14:41:55.346Z] >>> [apiv2][query] GET https://firebase.googleapis.com/v1beta1/projects pageSize=100
[debug] [2021-09-27T14:41:55.936Z] <<< [apiv2][status] GET https://firebase.googleapis.com/v1beta1/projects 200
[debug] [2021-09-27T14:41:55.936Z] <<< [apiv2][body] GET https://firebase.googleapis.com/v1beta1/projects [omitted]
[info] i  Using project dadyin-d740f (dadyin) 
[info] 
=== Hosting:github Setup
[info] 
[info] i  Detected a .git folder at D:\fiverr\dadyin 
[info] i  Authorizing with GitHub to upload your service account to a GitHub repository's secrets store. 
[info] 
[info] Visit this URL on this device to log in:
[info] https://github.com/login/oauth/authorize?client_id=89cf50f02ac6aaed3484&state=102454985&redirect_uri=http%3A%2F%2Flocalhost%3A9005&scope=read%3Auser%20repo%20public_repo
[info] 
[info] Waiting for authentication...
[debug] [2021-09-27T14:41:57.719Z] >>> HTTP REQUEST POST https://github.com/login/oauth/access_token  
 {"client_id":"89cf50f02ac6aaed3484","client_secret":"3330d14abc895d9a74d5f17cd7a00711fa2c5bf0","code":"6c94daa2cfcfce544803","redirect_uri":"http://localhost:9005","state":"102454985"}
[debug] [2021-09-27T14:41:57.938Z] <<< HTTP RESPONSE 200 {"server":"GitHub.com","date":"Mon, 27 Sep 2021 14:42:01 GMT","content-type":"application/json; charset=utf-8","transfer-encoding":"chunked","vary":"X-PJAX, X-PJAX-Container, Accept-Encoding, Accept, X-Requested-With","permissions-policy":"interest-cohort=()","etag":"W/\"86e18ce979fa00160e8830c4a1598338\"","cache-control":"max-age=0, private, must-revalidate","strict-transport-security":"max-age=31536000; includeSubdomains; preload","x-frame-options":"deny","x-content-type-options":"nosniff","x-xss-protection":"0","referrer-policy":"origin-when-cross-origin, strict-origin-when-cross-origin","expect-ct":"max-age=2592000, report-uri=\"https://api.github.com/_private/browser/errors\"","content-security-policy":"default-src 'none'; base-uri 'self'; block-all-mixed-content; child-src github.githubassets.com; connect-src 'self' uploads.github.com www.githubstatus.com collector.githubapp.com api.github.com github-cloud.s3.amazonaws.com github-production-repository-file-5c1aeb.s3.amazonaws.com github-production-upload-manifest-file-7fdce7.s3.amazonaws.com github-production-user-asset-6210df.s3.amazonaws.com cdn.optimizely.com logx.optimizely.com/v1/events translator.github.com wss://alive.github.com; font-src github.githubassets.com; form-action 'self' github.com gist.github.com; frame-ancestors 'none'; frame-src render.githubusercontent.com viewscreen.githubusercontent.com; img-src 'self' data: github.githubassets.com identicons.github.com collector.githubapp.com github-cloud.s3.amazonaws.com secured-user-images.githubusercontent.com/ *.githubusercontent.com; manifest-src 'self'; media-src github.com user-images.githubusercontent.com/; script-src github.githubassets.com; style-src 'unsafe-inline' github.githubassets.com; worker-src github.githubassets.com github.com/socket-worker-0af8a29d.js gist.github.com/socket-worker-0af8a29d.js","x-github-request-id":"D995:376F:12E945B:2354152:6151D839"}
[debug] [2021-09-27T14:41:57.940Z] >>> [apiv2][query] GET https://api.github.com/user [none]
[debug] [2021-09-27T14:41:58.284Z] <<< [apiv2][status] GET https://api.github.com/user 200
[debug] [2021-09-27T14:41:58.284Z] <<< [apiv2][body] GET https://api.github.com/user {"login":"rkara","id":4894577,"node_id":"MDQ6VXNlcjQ4OTQ1Nzc=","avatar_url":"https://avatars.githubusercontent.com/u/4894577?v=4","gravatar_id":"","url":"https://api.github.com/users/rkara","html_url":"https://github.com/rkara","followers_url":"https://api.github.com/users/rkara/followers","following_url":"https://api.github.com/users/rkara/following{/other_user}","gists_url":"https://api.github.com/users/rkara/gists{/gist_id}","starred_url":"https://api.github.com/users/rkara/starred{/owner}{/repo}","subscriptions_url":"https://api.github.com/users/rkara/subscriptions","organizations_url":"https://api.github.com/users/rkara/orgs","repos_url":"https://api.github.com/users/rkara/repos","events_url":"https://api.github.com/users/rkara/events{/privacy}","received_events_url":"https://api.github.com/users/rkara/received_events","type":"User","site_admin":false,"name":"Ryan","company":"RKARA.US LLC","blog":"https://www.rkara.us","location":"Dayton, Ohio","email":"ryan@rkara.us","hireable":null,"bio":null,"twitter_username":"RyanLKara","public_repos":3,"public_gists":12,"followers":2,"following":3,"created_at":"2013-06-30T18:21:25Z","updated_at":"2021-09-22T01:00:11Z","private_gists":25,"total_private_repos":14,"owned_private_repos":14,"disk_usage":932914,"collaborators":1,"two_factor_authentication":true,"plan":{"name":"free","space":976562499,"collaborators":0,"private_repos":10000}}
[info] 
[info] +  Success! Logged into GitHub as rkara 
[info] 
